\BOOKMARK [1][-]{section.1}{\376\377\000I\000n\000t\000r\000o\000d\000u\000c\000t\000i\000o\000n}{}% 1
\BOOKMARK [1][-]{section.2}{\376\377\000D\000e\000f\000i\000n\000i\000n\000g\000\040\000t\000h\000e\000\040\000G\000a\000u\000s\000s\000i\000a\000n\000\040\000P\000r\000o\000c\000e\000s\000s}{}% 2
\BOOKMARK [2][-]{subsection.2.1}{\376\377\000W\000e\000i\000g\000h\000t\000-\000s\000p\000a\000c\000e\000\040\000v\000i\000e\000w\000\040\000g\000p\000-\000m\000l}{section.2}% 3
\BOOKMARK [3][-]{subsubsection.2.1.1}{\376\377\000S\000t\000a\000n\000d\000a\000r\000d\000\040\000l\000i\000n\000e\000a\000r\000\040\000m\000o\000d\000e\000l}{subsection.2.1}% 4
\BOOKMARK [3][-]{subsubsection.2.1.2}{\376\377\000D\000e\000t\000e\000r\000m\000i\000n\000i\000n\000g\000\040\000w\000e\000i\000g\000h\000t\000s}{subsection.2.1}% 5
\BOOKMARK [3][-]{subsubsection.2.1.3}{\376\377\000P\000r\000e\000d\000i\000c\000t\000i\000v\000e\000\040\000d\000i\000s\000t\000r\000i\000b\000u\000t\000i\000o\000n}{subsection.2.1}% 6
\BOOKMARK [3][-]{subsubsection.2.1.4}{\376\377\000P\000r\000o\000j\000e\000c\000t\000i\000o\000n\000s\000\040\000o\000f\000\040\000i\000n\000p\000u\000t\000s\000\040\000i\000n\000t\000o\000\040\000f\000e\000a\000t\000u\000r\000e\000\040\000s\000p\000a\000c\000e}{subsection.2.1}% 7
\BOOKMARK [3][-]{subsubsection.2.1.5}{\376\377\000C\000o\000m\000p\000u\000t\000a\000t\000i\000o\000n\000a\000l\000\040\000i\000s\000s\000u\000e\000s}{subsection.2.1}% 8
\BOOKMARK [2][-]{subsection.2.2}{\376\377\000F\000u\000n\000c\000t\000i\000o\000n\000-\000s\000p\000a\000c\000e\000\040\000v\000i\000e\000w\000\040\000g\000p\000-\000m\000l}{section.2}% 9
\BOOKMARK [3][-]{subsubsection.2.2.1}{\376\377\000G\000a\000u\000s\000s\000i\000a\000n\000\040\000p\000r\000o\000c\000e\000s\000s\000e\000s\000\040\000\050\000G\000P\000\051}{subsection.2.2}% 10
\BOOKMARK [3][-]{subsubsection.2.2.2}{\376\377\000P\000r\000e\000d\000i\000c\000t\000i\000v\000e\000\040\000d\000i\000s\000t\000r\000i\000b\000u\000t\000i\000o\000n\000s\000\040\000w\000i\000t\000h\000\040\000n\000o\000i\000s\000e\000-\000f\000r\000e\000e\000\040\000o\000b\000s\000e\000r\000v\000a\000t\000i\000o\000n\000s}{subsection.2.2}% 11
\BOOKMARK [3][-]{subsubsection.2.2.3}{\376\377\000P\000r\000e\000d\000i\000c\000t\000i\000v\000e\000\040\000d\000i\000s\000t\000r\000i\000b\000u\000t\000i\000o\000n\000s\000\040\000w\000i\000t\000h\000\040\000n\000o\000i\000s\000y\000\040\000o\000b\000s\000e\000r\000v\000a\000t\000i\000o\000n\000s}{subsection.2.2}% 12
\BOOKMARK [3][-]{subsubsection.2.2.4}{\376\377\000M\000a\000r\000g\000i\000n\000a\000l\000\040\000l\000i\000k\000e\000l\000i\000h\000o\000o\000d}{subsection.2.2}% 13
\BOOKMARK [3][-]{subsubsection.2.2.5}{\376\377\000A\000l\000g\000o\000r\000i\000t\000h\000m\000\040\000f\000o\000r\000\040\000G\000a\000u\000s\000s\000i\000a\000n\000\040\000p\000r\000o\000c\000e\000s\000s\000e\000s}{subsection.2.2}% 14
\BOOKMARK [1][-]{section.3}{\376\377\000E\000x\000p\000l\000o\000r\000i\000n\000g\000\040\000C\000o\000v\000a\000r\000i\000a\000n\000c\000e\000\040\000F\000u\000n\000c\000t\000i\000o\000n\000s}{}% 15
\BOOKMARK [2][-]{subsection.3.1}{\376\377\000C\000h\000a\000r\000a\000c\000t\000e\000r\000i\000s\000t\000i\000c\000s\000\040\000o\000f\000\040\000c\000o\000v\000a\000r\000i\000a\000n\000c\000e\000\040\000f\000u\000n\000c\000t\000i\000o\000n\000s\000\040\000g\000p\000-\000m\000l}{section.3}% 16
\BOOKMARK [3][-]{subsubsection.3.1.1}{\376\377\000C\000o\000v\000a\000r\000i\000a\000n\000c\000e\000\040\000m\000a\000t\000r\000i\000c\000e\000s}{subsection.3.1}% 17
\BOOKMARK [3][-]{subsubsection.3.1.2}{\376\377\000E\000i\000g\000e\000n\000v\000a\000l\000u\000e\000\040\000a\000n\000d\000\040\000e\000i\000g\000e\000n\000f\000u\000n\000c\000t\000i\000o\000n\000s\000\040\000o\000f\000\040\000c\000o\000v\000a\000r\000i\000a\000n\000c\000e\000\040\000m\000a\000t\000r\000i\000c\000e\000s}{subsection.3.1}% 18
\BOOKMARK [3][-]{subsubsection.3.1.3}{\376\377\000V\000a\000r\000y\000i\000n\000g\000\040\000t\000h\000e\000\040\000l\000e\000n\000g\000t\000h\000\040\000s\000c\000a\000l\000e}{subsection.3.1}% 19
\BOOKMARK [3][-]{subsubsection.3.1.4}{\376\377\000M\000e\000a\000n\000\040\000s\000q\000u\000a\000r\000e\000\040\000c\000o\000n\000t\000i\000n\000u\000i\000t\000y\000\040\000a\000n\000d\000\040\000d\000i\000f\000f\000e\000r\000e\000n\000t\000i\000a\000b\000i\000l\000i\000t\000y}{subsection.3.1}% 20
\BOOKMARK [2][-]{subsection.3.2}{\376\377\000S\000t\000a\000t\000i\000o\000n\000a\000r\000y\000\040\000c\000o\000v\000a\000r\000i\000a\000n\000c\000e\000\040\000f\000u\000n\000c\000t\000i\000o\000n\000s\000\040\000g\000p\000-\000m\000l}{section.3}% 21
\BOOKMARK [3][-]{subsubsection.3.2.1}{\376\377\000S\000t\000a\000t\000i\000o\000n\000a\000r\000i\000t\000y\000\040\000a\000n\000d\000\040\000i\000s\000o\000t\000r\000o\000p\000i\000c\000i\000s\000m}{subsection.3.2}% 22
\BOOKMARK [3][-]{subsubsection.3.2.2}{\376\377\000S\000p\000e\000c\000t\000r\000a\000l\000\040\000d\000e\000n\000s\000i\000t\000y}{subsection.3.2}% 23
\BOOKMARK [3][-]{subsubsection.3.2.3}{\376\377\000G\000P\000s\000\040\000f\000r\000o\000m\000\040\000s\000t\000a\000t\000i\000o\000n\000a\000r\000y\000\040\000c\000o\000v\000a\000r\000i\000a\000n\000c\000e\000\040\000f\000u\000n\000c\000t\000i\000o\000n\000s\000\040\000i\000n\000\040\000M\000S\000\040\000s\000p\000a\000c\000e}{subsection.3.2}% 24
\BOOKMARK [2][-]{subsection.3.3}{\376\377\000S\000t\000a\000t\000i\000o\000n\000a\000r\000y\000\040\000c\000o\000v\000a\000r\000i\000a\000n\000c\000e\000\040\000f\000u\000n\000c\000t\000i\000o\000n\000s\000\040\000g\000p\000-\000m\000l}{section.3}% 25
\BOOKMARK [3][-]{subsubsection.3.3.1}{\376\377\000S\000q\000u\000a\000r\000e\000d\000\040\000e\000x\000p\000o\000n\000e\000n\000t\000i\000a\000l\000\040\000\050\000S\000E\000\051}{subsection.3.3}% 26
\BOOKMARK [3][-]{subsubsection.3.3.2}{\376\377\000R\000a\000t\000i\000o\000n\000a\000l\000\040\000q\000u\000a\000d\000r\000a\000t\000i\000c\000\040\000\050\000R\000Q\000\051}{subsection.3.3}% 27
\BOOKMARK [3][-]{subsubsection.3.3.3}{\376\377\000-\000e\000x\000p\000o\000n\000e\000n\000t\000i\000a\000l\000\040\000a\000n\000d\000\040\000e\000x\000p\000o\000n\000e\000n\000t\000i\000a\000l}{subsection.3.3}% 28
\BOOKMARK [3][-]{subsubsection.3.3.4}{\376\377\000M\000a\000t\000e\000r\000n\000-\000c\000l\000a\000s\000s}{subsection.3.3}% 29
\BOOKMARK [1][-]{section.4}{\376\377\000C\000o\000m\000p\000u\000t\000a\000t\000i\000o\000n\000a\000l\000\040\000I\000s\000s\000u\000e\000s}{}% 30
\BOOKMARK [2][-]{subsection.4.1}{\376\377\000C\000h\000o\000l\000e\000s\000k\000y\000\040\000d\000e\000c\000o\000m\000p\000o\000s\000i\000t\000i\000o\000n}{section.4}% 31
\BOOKMARK [2][-]{subsection.4.2}{\376\377\000S\000p\000a\000r\000s\000e\000\040\000k\000e\000r\000n\000e\000l\000s}{section.4}% 32
\BOOKMARK [2][-]{subsection.4.3}{\376\377\000E\000i\000g\000e\000n\000f\000u\000n\000c\000t\000i\000o\000n\000\040\000a\000n\000d\000\040\000e\000i\000g\000e\000n\000v\000a\000l\000u\000e\000\040\000a\000p\000p\000r\000o\000x\000i\000m\000a\000t\000i\000o\000n\000\040\000o\000f\000\040\000c\000o\000v\000a\000r\000i\000a\000n\000c\000e\000\040\000m\000a\000t\000r\000i\000c\000e\000s\000\040\000g\000p\000-\000m\000l}{section.4}% 33
\BOOKMARK [3][-]{subsubsection.4.3.1}{\376\377\000A\000p\000p\000r\000o\000x\000i\000m\000a\000t\000i\000n\000g\000\040\000i\000\040\000a\000n\000d\000\040\000U\000i\000\040\000w\000i\000t\000h\000\040\000N\000y\000s\000t\000r\000o\000m}{subsection.4.3}% 34
\BOOKMARK [2][-]{subsection.4.4}{\376\377\000S\000u\000b\000s\000e\000t\000-\000o\000f\000-\000d\000a\000t\000a\000\040\000\050\000S\000o\000D\000\051\000\040\000b\000i\000g\000-\000d\000a\000t\000a}{section.4}% 35
\BOOKMARK [2][-]{subsection.4.5}{\376\377\000S\000p\000a\000r\000s\000e\000\040\000a\000p\000p\000r\000o\000x\000i\000m\000a\000t\000i\000o\000n\000s\000\040\000b\000i\000g\000-\000d\000a\000t\000a}{section.4}% 36
\BOOKMARK [3][-]{subsubsection.4.5.1}{\376\377\000P\000r\000i\000o\000r\000\040\000a\000p\000p\000r\000o\000x\000i\000m\000a\000t\000i\000o\000n\000s}{subsection.4.5}% 37
\BOOKMARK [3][-]{subsubsection.4.5.2}{\376\377\000P\000o\000s\000t\000e\000r\000i\000o\000r\000\040\000a\000p\000p\000r\000o\000x\000i\000m\000a\000t\000i\000o\000n\000s}{subsection.4.5}% 38
\BOOKMARK [2][-]{subsection.4.6}{\376\377\000C\000e\000l\000e\000r\000i\000t\000e\000\040\000k\000e\000r\000n\000e\000l\000s\000\040\000f\000o\000r\000e\000m\000a\000n\000-\000m\000a\000c\000k\000a\000y}{section.4}% 39
\BOOKMARK [3][-]{subsubsection.4.6.1}{\376\377\000T\000h\000e\000\040\000c\000e\000l\000e\000r\000i\000t\000e\000\040\000m\000o\000d\000e\000l}{subsection.4.6}% 40
\BOOKMARK [3][-]{subsubsection.4.6.2}{\376\377\000B\000u\000i\000l\000d\000i\000n\000g\000\040\000M\000a\000t\000e\000r\000n\000\040\0003\000/\0002\000\040\000f\000r\000o\000m\000\040\000c\000e\000l\000e\000r\000i\000t\000e}{subsection.4.6}% 41
\BOOKMARK [3][-]{subsubsection.4.6.3}{\376\377\000F\000a\000s\000t\000\040\000a\000n\000d\000\040\000e\000x\000a\000c\000t\000\040\000i\000n\000v\000e\000r\000s\000i\000o\000n\000s\000\040\000o\000f\000\040\000c\000e\000l\000e\000r\000i\000t\000e\000\040\000k\000e\000r\000n\000e\000l\000s}{subsection.4.6}% 42
\BOOKMARK [1][-]{section.5}{\376\377\000T\000O\000D\000O\000\040\000A\000p\000p\000l\000y\000i\000n\000g\000\040\000a\000\040\000G\000a\000u\000s\000s\000i\000a\000n\000\040\000P\000r\000o\000c\000e\000s\000s\000\040\000t\000o\000\040\000A\000s\000t\000r\000o\000s\000t\000a\000t\000i\000s\000t\000i\000c\000s}{}% 43
\BOOKMARK [2][-]{subsection.5.1}{\376\377\000I\000n\000t\000r\000o\000d\000u\000c\000t\000i\000o\000n}{section.5}% 44
\BOOKMARK [3][-]{subsubsection.5.1.1}{\376\377\000A\000s\000t\000r\000o\000l\000o\000g\000i\000c\000a\000l\000\040\000b\000a\000c\000k\000g\000r\000o\000u\000n\000d\000\040\000g\000a\000l\000a\000x\000y\000-\000s\000p\000e\000c\000t\000r\000a\000-\0001\0000\0001}{subsection.5.1}% 45
\BOOKMARK [3][-]{subsubsection.5.1.2}{\376\377\000U\000s\000i\000n\000g\000\040\000G\000P\000\040\000g\000a\000l\000a\000x\000y\000-\000g\000p\000-\000n\000o\000i\000s\000e}{subsection.5.1}% 46
\BOOKMARK [2][-]{subsection.5.2}{\376\377\000M\000e\000t\000h\000o\000d\000o\000l\000o\000g\000y}{section.5}% 47
\BOOKMARK [3][-]{subsubsection.5.2.1}{\376\377\000A\000p\000p\000r\000o\000a\000c\000h\000e\000s\000\040\000c\000o\000n\000s\000i\000d\000e\000r\000e\000d}{subsection.5.2}% 48
\BOOKMARK [3][-]{subsubsection.5.2.2}{\376\377\000C\000o\000m\000p\000u\000t\000a\000t\000i\000o\000n\000a\000l\000\040\000s\000p\000e\000e\000d}{subsection.5.2}% 49
\BOOKMARK [3][-]{subsubsection.5.2.3}{\376\377\000A\000c\000c\000u\000r\000a\000c\000y}{subsection.5.2}% 50
\BOOKMARK [2][-]{subsection.5.3}{\376\377\000R\000e\000s\000u\000l\000t\000s}{section.5}% 51
\BOOKMARK [2][-]{subsection.5.4}{\376\377\000D\000i\000s\000c\000u\000s\000s\000i\000o\000n}{section.5}% 52
\BOOKMARK [2][-]{subsection.5.5}{\376\377\000C\000o\000n\000c\000l\000u\000s\000i\000o\000n}{section.5}% 53
\BOOKMARK [1][-]{section.6}{\376\377\000D\000i\000s\000c\000u\000s\000s\000i\000o\000n}{}% 54
\BOOKMARK [1][-]{section.7}{\376\377\000C\000o\000n\000c\000l\000u\000s\000i\000o\000n}{}% 55
